<component name="libraryTable">
  <library name="junit-jupiter">
    <CLASSES>
      <root url="jar://$PROJECT_DIR$/libs/junit-jupiter-api-5.9.1.jar!/" />
      <root url="jar://$PROJECT_DIR$/libs/junit-jupiter-params-5.9.1.jar!/" />
      <root url="jar://$PROJECT_DIR$/libs/junit-platform-commons-1.9.1.jar!/" />
    </CLASSES>
    <JAVADOC />
    <SOURCES />
  </library>
</component>